<?xml version="1.0" encoding="UTF-8"?>
<!-- Generated by org.testng.reporters.JUnitXMLReporter -->
<testsuite hostname="Mohammeds-MacBook-Pro-2.local" name="IOSTest" tests="20" failures="0" timestamp="26 Jan 2019 02:15:19 GMT" time="301.901" errors="0">
  <testcase name="buttonIconCheckTest" time="2.297" classname="testcases.TestHomePageItems"/>
  <testcase name="controlsButtonCheckTest" time="2.301" classname="testcases.TestHomePageItems"/>
  <testcase name="controlsIconCheckTest" time="2.093" classname="testcases.TestHomePageItems"/>
  <testcase name="pickersIconCheckText" time="2.115" classname="testcases.TestHomePageItems"/>
  <testcase name="searchBarIconCheckTest" time="2.222" classname="testcases.TestHomePageItems"/>
  <testcase name="textFieldsCheckTest" time="2.091" classname="testcases.TestHomePageItems"/>
  <testcase name="textFieldsIconCheckTest" time="2.248" classname="testcases.TestHomePageItems"/>
  <testcase name="textViewIconCheckTest" time="2.611" classname="testcases.TestHomePageItems"/>
  <testcase name="firstSegmentLeftTest" time="2.826" classname="testcases.TestSegments"/>
  <testcase name="firstSegmentMidTest" time="2.562" classname="testcases.TestSegments"/>
  <testcase name="firstSegmentRightTest" time="2.763" classname="testcases.TestSegments"/>
  <testcase name="secondSegmentLeftTest" time="2.565" classname="testcases.TestSegments"/>
  <testcase name="secondSegmentMidTest" time="3.074" classname="testcases.TestSegments"/>
  <testcase name="secondSegmentRightTest" time="2.6" classname="testcases.TestSegments"/>
  <testcase name="segmentTabValidation" time="2.477" classname="testcases.TestSegments"/>
  <testcase name="firstTextFieldsTest" time="15.333" classname="testcases.TextFieldsTest"/>
  <testcase name="fourthTextFieldsTest" time="11.063" classname="testcases.TextFieldsTest"/>
  <testcase name="secondTextFieldsTest" time="11.8" classname="testcases.TextFieldsTest"/>
  <testcase name="textFieldPageValidation" time="6.698" classname="testcases.TextFieldsTest"/>
  <testcase name="thirdTextFieldsTest" time="10.166" classname="testcases.TextFieldsTest"/>
</testsuite> <!-- IOSTest -->
