<?xml version="1.0" encoding="UTF-8"?>
<testng-results skipped="0" failed="0" total="20" passed="20">
  <reporter-output>
    <line>
      <![CDATA[Extent Report directory: /Users/mohammedmehadi/Desktop/Mahmud/MobileAutomationIOSArif/UiCatalog/target/surefire-reports/html]]>
    </line>
  </reporter-output>
  <suite name="iOS test suite on iPhone Simulator" duration-ms="301901" started-at="2019-01-26T02:10:17Z" finished-at="2019-01-26T02:15:19Z">
    <groups>
    </groups>
    <test name="IOSTest" duration-ms="301901" started-at="2019-01-26T02:10:17Z" finished-at="2019-01-26T02:15:19Z">
      <class name="testcases.TestHomePageItems">
        <test-method status="PASS" signature="extentSetup(org.testng.ITestContext)[pri:0, instance:testcases.TestHomePageItems@55f3ddb1]" name="extentSetup" is-config="true" duration-ms="196" started-at="2019-01-25T21:10:16Z" finished-at="2019-01-25T21:10:17Z">
          <params>
            <param index="0">
              <value>
                <![CDATA[org.testng.TestRunner@74a6f9c1]]>
              </value>
            </param>
          </params>
          <reporter-output>
            <line>
              <![CDATA[Extent Report directory: /Users/mohammedmehadi/Desktop/Mahmud/MobileAutomationIOSArif/UiCatalog/target/surefire-reports/html]]>
            </line>
          </reporter-output>
        </test-method> <!-- extentSetup -->
        <test-method status="PASS" signature="setUp(java.lang.String, java.lang.String, java.lang.String, java.lang.String, java.lang.String, java.lang.String, java.lang.String)[pri:0, instance:testcases.TestHomePageItems@55f3ddb1]" name="setUp" is-config="true" duration-ms="8567" started-at="2019-01-25T21:10:17Z" finished-at="2019-01-25T21:10:25Z">
          <params>
            <param index="0">
              <value>
                <![CDATA[ios]]>
              </value>
            </param>
            <param index="1">
              <value>
                <![CDATA[iPhone]]>
              </value>
            </param>
            <param index="2">
              <value>
                <![CDATA[Simulator]]>
              </value>
            </param>
            <param index="3">
              <value>
                <![CDATA[iPhone 8 Plus]]>
              </value>
            </param>
            <param index="4">
              <value>
                <![CDATA[11.0]]>
              </value>
            </param>
            <param index="5">
              <value>
                <![CDATA[]]>
              </value>
            </param>
            <param index="6">
              <value>
                <![CDATA[]]>
              </value>
            </param>
          </params>
          <reporter-output>
          </reporter-output>
        </test-method> <!-- setUp -->
        <test-method status="PASS" signature="startExtent(java.lang.reflect.Method)[pri:0, instance:testcases.TestHomePageItems@55f3ddb1]" name="startExtent" is-config="true" duration-ms="9" started-at="2019-01-25T21:10:25Z" finished-at="2019-01-25T21:10:25Z">
          <params>
            <param index="0">
              <value>
                <![CDATA[public void testcases.TestHomePageItems.buttonIconCheckTest() throws java.lang.InterruptedException]]>
              </value>
            </param>
          </params>
          <reporter-output>
          </reporter-output>
        </test-method> <!-- startExtent -->
        <test-method status="PASS" signature="initializationOfElements()[pri:0, instance:testcases.TestHomePageItems@55f3ddb1]" name="initializationOfElements" is-config="true" duration-ms="9" started-at="2019-01-25T21:10:25Z" finished-at="2019-01-25T21:10:25Z">
          <reporter-output>
          </reporter-output>
        </test-method> <!-- initializationOfElements -->
        <test-method status="PASS" signature="buttonIconCheckTest()[pri:0, instance:testcases.TestHomePageItems@55f3ddb1]" name="buttonIconCheckTest" duration-ms="2297" started-at="2019-01-25T21:10:25Z" finished-at="2019-01-25T21:10:28Z">
          <reporter-output>
          </reporter-output>
        </test-method> <!-- buttonIconCheckTest -->
        <test-method status="PASS" signature="afterEachTestMethod(org.testng.ITestResult)[pri:0, instance:testcases.TestHomePageItems@55f3ddb1]" name="afterEachTestMethod" is-config="true" duration-ms="1842" started-at="2019-01-25T21:10:28Z" finished-at="2019-01-25T21:10:29Z">
          <params>
            <param index="0">
              <value>
                <![CDATA[[TestResult name=buttonIconCheckTest status=SUCCESS method=TestHomePageItems.buttonIconCheckTest()[pri:0, instance:testcases.TestHomePageItems@55f3ddb1] output={null}]]]>
              </value>
            </param>
          </params>
          <reporter-output>
          </reporter-output>
        </test-method> <!-- afterEachTestMethod -->
        <test-method status="PASS" signature="setUp(java.lang.String, java.lang.String, java.lang.String, java.lang.String, java.lang.String, java.lang.String, java.lang.String)[pri:0, instance:testcases.TestHomePageItems@55f3ddb1]" name="setUp" is-config="true" duration-ms="7588" started-at="2019-01-25T21:10:29Z" finished-at="2019-01-25T21:10:37Z">
          <params>
            <param index="0">
              <value>
                <![CDATA[ios]]>
              </value>
            </param>
            <param index="1">
              <value>
                <![CDATA[iPhone]]>
              </value>
            </param>
            <param index="2">
              <value>
                <![CDATA[Simulator]]>
              </value>
            </param>
            <param index="3">
              <value>
                <![CDATA[iPhone 8 Plus]]>
              </value>
            </param>
            <param index="4">
              <value>
                <![CDATA[11.0]]>
              </value>
            </param>
            <param index="5">
              <value>
                <![CDATA[]]>
              </value>
            </param>
            <param index="6">
              <value>
                <![CDATA[]]>
              </value>
            </param>
          </params>
          <reporter-output>
          </reporter-output>
        </test-method> <!-- setUp -->
        <test-method status="PASS" signature="startExtent(java.lang.reflect.Method)[pri:0, instance:testcases.TestHomePageItems@55f3ddb1]" name="startExtent" is-config="true" duration-ms="1" started-at="2019-01-25T21:10:37Z" finished-at="2019-01-25T21:10:37Z">
          <params>
            <param index="0">
              <value>
                <![CDATA[public void testcases.TestHomePageItems.controlsButtonCheckTest() throws java.lang.InterruptedException]]>
              </value>
            </param>
          </params>
          <reporter-output>
          </reporter-output>
        </test-method> <!-- startExtent -->
        <test-method status="PASS" signature="initializationOfElements()[pri:0, instance:testcases.TestHomePageItems@55f3ddb1]" name="initializationOfElements" is-config="true" duration-ms="1" started-at="2019-01-25T21:10:37Z" finished-at="2019-01-25T21:10:37Z">
          <reporter-output>
          </reporter-output>
        </test-method> <!-- initializationOfElements -->
        <test-method status="PASS" signature="controlsButtonCheckTest()[pri:0, instance:testcases.TestHomePageItems@55f3ddb1]" name="controlsButtonCheckTest" duration-ms="2301" started-at="2019-01-25T21:10:37Z" finished-at="2019-01-25T21:10:39Z">
          <reporter-output>
          </reporter-output>
        </test-method> <!-- controlsButtonCheckTest -->
        <test-method status="PASS" signature="afterEachTestMethod(org.testng.ITestResult)[pri:0, instance:testcases.TestHomePageItems@55f3ddb1]" name="afterEachTestMethod" is-config="true" duration-ms="1401" started-at="2019-01-25T21:10:39Z" finished-at="2019-01-25T21:10:41Z">
          <params>
            <param index="0">
              <value>
                <![CDATA[[TestResult name=controlsButtonCheckTest status=SUCCESS method=TestHomePageItems.controlsButtonCheckTest()[pri:0, instance:testcases.TestHomePageItems@55f3ddb1] output={null}]]]>
              </value>
            </param>
          </params>
          <reporter-output>
          </reporter-output>
        </test-method> <!-- afterEachTestMethod -->
        <test-method status="PASS" signature="setUp(java.lang.String, java.lang.String, java.lang.String, java.lang.String, java.lang.String, java.lang.String, java.lang.String)[pri:0, instance:testcases.TestHomePageItems@55f3ddb1]" name="setUp" is-config="true" duration-ms="7429" started-at="2019-01-25T21:10:41Z" finished-at="2019-01-25T21:10:48Z">
          <params>
            <param index="0">
              <value>
                <![CDATA[ios]]>
              </value>
            </param>
            <param index="1">
              <value>
                <![CDATA[iPhone]]>
              </value>
            </param>
            <param index="2">
              <value>
                <![CDATA[Simulator]]>
              </value>
            </param>
            <param index="3">
              <value>
                <![CDATA[iPhone 8 Plus]]>
              </value>
            </param>
            <param index="4">
              <value>
                <![CDATA[11.0]]>
              </value>
            </param>
            <param index="5">
              <value>
                <![CDATA[]]>
              </value>
            </param>
            <param index="6">
              <value>
                <![CDATA[]]>
              </value>
            </param>
          </params>
          <reporter-output>
          </reporter-output>
        </test-method> <!-- setUp -->
        <test-method status="PASS" signature="startExtent(java.lang.reflect.Method)[pri:0, instance:testcases.TestHomePageItems@55f3ddb1]" name="startExtent" is-config="true" duration-ms="0" started-at="2019-01-25T21:10:48Z" finished-at="2019-01-25T21:10:48Z">
          <params>
            <param index="0">
              <value>
                <![CDATA[public void testcases.TestHomePageItems.controlsIconCheckTest() throws java.lang.InterruptedException]]>
              </value>
            </param>
          </params>
          <reporter-output>
          </reporter-output>
        </test-method> <!-- startExtent -->
        <test-method status="PASS" signature="initializationOfElements()[pri:0, instance:testcases.TestHomePageItems@55f3ddb1]" name="initializationOfElements" is-config="true" duration-ms="1" started-at="2019-01-25T21:10:48Z" finished-at="2019-01-25T21:10:48Z">
          <reporter-output>
          </reporter-output>
        </test-method> <!-- initializationOfElements -->
        <test-method status="PASS" signature="controlsIconCheckTest()[pri:0, instance:testcases.TestHomePageItems@55f3ddb1]" name="controlsIconCheckTest" duration-ms="2093" started-at="2019-01-25T21:10:48Z" finished-at="2019-01-25T21:10:50Z">
          <reporter-output>
          </reporter-output>
        </test-method> <!-- controlsIconCheckTest -->
        <test-method status="PASS" signature="afterEachTestMethod(org.testng.ITestResult)[pri:0, instance:testcases.TestHomePageItems@55f3ddb1]" name="afterEachTestMethod" is-config="true" duration-ms="1349" started-at="2019-01-25T21:10:50Z" finished-at="2019-01-25T21:10:52Z">
          <params>
            <param index="0">
              <value>
                <![CDATA[[TestResult name=controlsIconCheckTest status=SUCCESS method=TestHomePageItems.controlsIconCheckTest()[pri:0, instance:testcases.TestHomePageItems@55f3ddb1] output={null}]]]>
              </value>
            </param>
          </params>
          <reporter-output>
          </reporter-output>
        </test-method> <!-- afterEachTestMethod -->
        <test-method status="PASS" signature="setUp(java.lang.String, java.lang.String, java.lang.String, java.lang.String, java.lang.String, java.lang.String, java.lang.String)[pri:0, instance:testcases.TestHomePageItems@55f3ddb1]" name="setUp" is-config="true" duration-ms="7125" started-at="2019-01-25T21:10:52Z" finished-at="2019-01-25T21:10:59Z">
          <params>
            <param index="0">
              <value>
                <![CDATA[ios]]>
              </value>
            </param>
            <param index="1">
              <value>
                <![CDATA[iPhone]]>
              </value>
            </param>
            <param index="2">
              <value>
                <![CDATA[Simulator]]>
              </value>
            </param>
            <param index="3">
              <value>
                <![CDATA[iPhone 8 Plus]]>
              </value>
            </param>
            <param index="4">
              <value>
                <![CDATA[11.0]]>
              </value>
            </param>
            <param index="5">
              <value>
                <![CDATA[]]>
              </value>
            </param>
            <param index="6">
              <value>
                <![CDATA[]]>
              </value>
            </param>
          </params>
          <reporter-output>
          </reporter-output>
        </test-method> <!-- setUp -->
        <test-method status="PASS" signature="initializationOfElements()[pri:0, instance:testcases.TestHomePageItems@55f3ddb1]" name="initializationOfElements" is-config="true" duration-ms="1" started-at="2019-01-25T21:10:59Z" finished-at="2019-01-25T21:10:59Z">
          <reporter-output>
          </reporter-output>
        </test-method> <!-- initializationOfElements -->
        <test-method status="PASS" signature="startExtent(java.lang.reflect.Method)[pri:0, instance:testcases.TestHomePageItems@55f3ddb1]" name="startExtent" is-config="true" duration-ms="0" started-at="2019-01-25T21:10:59Z" finished-at="2019-01-25T21:10:59Z">
          <params>
            <param index="0">
              <value>
                <![CDATA[public void testcases.TestHomePageItems.pickersIconCheckText() throws java.lang.InterruptedException]]>
              </value>
            </param>
          </params>
          <reporter-output>
          </reporter-output>
        </test-method> <!-- startExtent -->
        <test-method status="PASS" signature="pickersIconCheckText()[pri:0, instance:testcases.TestHomePageItems@55f3ddb1]" name="pickersIconCheckText" duration-ms="2115" started-at="2019-01-25T21:10:59Z" finished-at="2019-01-25T21:11:01Z">
          <reporter-output>
          </reporter-output>
        </test-method> <!-- pickersIconCheckText -->
        <test-method status="PASS" signature="afterEachTestMethod(org.testng.ITestResult)[pri:0, instance:testcases.TestHomePageItems@55f3ddb1]" name="afterEachTestMethod" is-config="true" duration-ms="1339" started-at="2019-01-25T21:11:01Z" finished-at="2019-01-25T21:11:02Z">
          <params>
            <param index="0">
              <value>
                <![CDATA[[TestResult name=pickersIconCheckText status=SUCCESS method=TestHomePageItems.pickersIconCheckText()[pri:0, instance:testcases.TestHomePageItems@55f3ddb1] output={null}]]]>
              </value>
            </param>
          </params>
          <reporter-output>
          </reporter-output>
        </test-method> <!-- afterEachTestMethod -->
        <test-method status="PASS" signature="setUp(java.lang.String, java.lang.String, java.lang.String, java.lang.String, java.lang.String, java.lang.String, java.lang.String)[pri:0, instance:testcases.TestHomePageItems@55f3ddb1]" name="setUp" is-config="true" duration-ms="7148" started-at="2019-01-25T21:11:02Z" finished-at="2019-01-25T21:11:09Z">
          <params>
            <param index="0">
              <value>
                <![CDATA[ios]]>
              </value>
            </param>
            <param index="1">
              <value>
                <![CDATA[iPhone]]>
              </value>
            </param>
            <param index="2">
              <value>
                <![CDATA[Simulator]]>
              </value>
            </param>
            <param index="3">
              <value>
                <![CDATA[iPhone 8 Plus]]>
              </value>
            </param>
            <param index="4">
              <value>
                <![CDATA[11.0]]>
              </value>
            </param>
            <param index="5">
              <value>
                <![CDATA[]]>
              </value>
            </param>
            <param index="6">
              <value>
                <![CDATA[]]>
              </value>
            </param>
          </params>
          <reporter-output>
          </reporter-output>
        </test-method> <!-- setUp -->
        <test-method status="PASS" signature="initializationOfElements()[pri:0, instance:testcases.TestHomePageItems@55f3ddb1]" name="initializationOfElements" is-config="true" duration-ms="1" started-at="2019-01-25T21:11:09Z" finished-at="2019-01-25T21:11:09Z">
          <reporter-output>
          </reporter-output>
        </test-method> <!-- initializationOfElements -->
        <test-method status="PASS" signature="startExtent(java.lang.reflect.Method)[pri:0, instance:testcases.TestHomePageItems@55f3ddb1]" name="startExtent" is-config="true" duration-ms="0" started-at="2019-01-25T21:11:09Z" finished-at="2019-01-25T21:11:09Z">
          <params>
            <param index="0">
              <value>
                <![CDATA[public void testcases.TestHomePageItems.searchBarIconCheckTest() throws java.lang.InterruptedException]]>
              </value>
            </param>
          </params>
          <reporter-output>
          </reporter-output>
        </test-method> <!-- startExtent -->
        <test-method status="PASS" signature="searchBarIconCheckTest()[pri:0, instance:testcases.TestHomePageItems@55f3ddb1]" name="searchBarIconCheckTest" duration-ms="2222" started-at="2019-01-25T21:11:09Z" finished-at="2019-01-25T21:11:11Z">
          <reporter-output>
          </reporter-output>
        </test-method> <!-- searchBarIconCheckTest -->
        <test-method status="PASS" signature="afterEachTestMethod(org.testng.ITestResult)[pri:0, instance:testcases.TestHomePageItems@55f3ddb1]" name="afterEachTestMethod" is-config="true" duration-ms="1393" started-at="2019-01-25T21:11:11Z" finished-at="2019-01-25T21:11:13Z">
          <params>
            <param index="0">
              <value>
                <![CDATA[[TestResult name=searchBarIconCheckTest status=SUCCESS method=TestHomePageItems.searchBarIconCheckTest()[pri:0, instance:testcases.TestHomePageItems@55f3ddb1] output={null}]]]>
              </value>
            </param>
          </params>
          <reporter-output>
          </reporter-output>
        </test-method> <!-- afterEachTestMethod -->
        <test-method status="PASS" signature="setUp(java.lang.String, java.lang.String, java.lang.String, java.lang.String, java.lang.String, java.lang.String, java.lang.String)[pri:0, instance:testcases.TestHomePageItems@55f3ddb1]" name="setUp" is-config="true" duration-ms="7149" started-at="2019-01-25T21:11:13Z" finished-at="2019-01-25T21:11:20Z">
          <params>
            <param index="0">
              <value>
                <![CDATA[ios]]>
              </value>
            </param>
            <param index="1">
              <value>
                <![CDATA[iPhone]]>
              </value>
            </param>
            <param index="2">
              <value>
                <![CDATA[Simulator]]>
              </value>
            </param>
            <param index="3">
              <value>
                <![CDATA[iPhone 8 Plus]]>
              </value>
            </param>
            <param index="4">
              <value>
                <![CDATA[11.0]]>
              </value>
            </param>
            <param index="5">
              <value>
                <![CDATA[]]>
              </value>
            </param>
            <param index="6">
              <value>
                <![CDATA[]]>
              </value>
            </param>
          </params>
          <reporter-output>
          </reporter-output>
        </test-method> <!-- setUp -->
        <test-method status="PASS" signature="startExtent(java.lang.reflect.Method)[pri:0, instance:testcases.TestHomePageItems@55f3ddb1]" name="startExtent" is-config="true" duration-ms="0" started-at="2019-01-25T21:11:20Z" finished-at="2019-01-25T21:11:20Z">
          <params>
            <param index="0">
              <value>
                <![CDATA[public void testcases.TestHomePageItems.textFieldsCheckTest() throws java.lang.InterruptedException]]>
              </value>
            </param>
          </params>
          <reporter-output>
          </reporter-output>
        </test-method> <!-- startExtent -->
        <test-method status="PASS" signature="initializationOfElements()[pri:0, instance:testcases.TestHomePageItems@55f3ddb1]" name="initializationOfElements" is-config="true" duration-ms="1" started-at="2019-01-25T21:11:20Z" finished-at="2019-01-25T21:11:20Z">
          <reporter-output>
          </reporter-output>
        </test-method> <!-- initializationOfElements -->
        <test-method status="PASS" signature="textFieldsCheckTest()[pri:0, instance:testcases.TestHomePageItems@55f3ddb1]" name="textFieldsCheckTest" duration-ms="2091" started-at="2019-01-25T21:11:20Z" finished-at="2019-01-25T21:11:22Z">
          <reporter-output>
          </reporter-output>
        </test-method> <!-- textFieldsCheckTest -->
        <test-method status="PASS" signature="afterEachTestMethod(org.testng.ITestResult)[pri:0, instance:testcases.TestHomePageItems@55f3ddb1]" name="afterEachTestMethod" is-config="true" duration-ms="1373" started-at="2019-01-25T21:11:22Z" finished-at="2019-01-25T21:11:23Z">
          <params>
            <param index="0">
              <value>
                <![CDATA[[TestResult name=textFieldsCheckTest status=SUCCESS method=TestHomePageItems.textFieldsCheckTest()[pri:0, instance:testcases.TestHomePageItems@55f3ddb1] output={null}]]]>
              </value>
            </param>
          </params>
          <reporter-output>
          </reporter-output>
        </test-method> <!-- afterEachTestMethod -->
        <test-method status="PASS" signature="setUp(java.lang.String, java.lang.String, java.lang.String, java.lang.String, java.lang.String, java.lang.String, java.lang.String)[pri:0, instance:testcases.TestHomePageItems@55f3ddb1]" name="setUp" is-config="true" duration-ms="7162" started-at="2019-01-25T21:11:23Z" finished-at="2019-01-25T21:11:31Z">
          <params>
            <param index="0">
              <value>
                <![CDATA[ios]]>
              </value>
            </param>
            <param index="1">
              <value>
                <![CDATA[iPhone]]>
              </value>
            </param>
            <param index="2">
              <value>
                <![CDATA[Simulator]]>
              </value>
            </param>
            <param index="3">
              <value>
                <![CDATA[iPhone 8 Plus]]>
              </value>
            </param>
            <param index="4">
              <value>
                <![CDATA[11.0]]>
              </value>
            </param>
            <param index="5">
              <value>
                <![CDATA[]]>
              </value>
            </param>
            <param index="6">
              <value>
                <![CDATA[]]>
              </value>
            </param>
          </params>
          <reporter-output>
          </reporter-output>
        </test-method> <!-- setUp -->
        <test-method status="PASS" signature="startExtent(java.lang.reflect.Method)[pri:0, instance:testcases.TestHomePageItems@55f3ddb1]" name="startExtent" is-config="true" duration-ms="0" started-at="2019-01-25T21:11:31Z" finished-at="2019-01-25T21:11:31Z">
          <params>
            <param index="0">
              <value>
                <![CDATA[public void testcases.TestHomePageItems.textFieldsIconCheckTest() throws java.lang.InterruptedException]]>
              </value>
            </param>
          </params>
          <reporter-output>
          </reporter-output>
        </test-method> <!-- startExtent -->
        <test-method status="PASS" signature="initializationOfElements()[pri:0, instance:testcases.TestHomePageItems@55f3ddb1]" name="initializationOfElements" is-config="true" duration-ms="1" started-at="2019-01-25T21:11:31Z" finished-at="2019-01-25T21:11:31Z">
          <reporter-output>
          </reporter-output>
        </test-method> <!-- initializationOfElements -->
        <test-method status="PASS" signature="textFieldsIconCheckTest()[pri:0, instance:testcases.TestHomePageItems@55f3ddb1]" name="textFieldsIconCheckTest" duration-ms="2248" started-at="2019-01-25T21:11:31Z" finished-at="2019-01-25T21:11:33Z">
          <reporter-output>
          </reporter-output>
        </test-method> <!-- textFieldsIconCheckTest -->
        <test-method status="PASS" signature="afterEachTestMethod(org.testng.ITestResult)[pri:0, instance:testcases.TestHomePageItems@55f3ddb1]" name="afterEachTestMethod" is-config="true" duration-ms="1360" started-at="2019-01-25T21:11:33Z" finished-at="2019-01-25T21:11:34Z">
          <params>
            <param index="0">
              <value>
                <![CDATA[[TestResult name=textFieldsIconCheckTest status=SUCCESS method=TestHomePageItems.textFieldsIconCheckTest()[pri:0, instance:testcases.TestHomePageItems@55f3ddb1] output={null}]]]>
              </value>
            </param>
          </params>
          <reporter-output>
          </reporter-output>
        </test-method> <!-- afterEachTestMethod -->
        <test-method status="PASS" signature="setUp(java.lang.String, java.lang.String, java.lang.String, java.lang.String, java.lang.String, java.lang.String, java.lang.String)[pri:0, instance:testcases.TestHomePageItems@55f3ddb1]" name="setUp" is-config="true" duration-ms="7275" started-at="2019-01-25T21:11:34Z" finished-at="2019-01-25T21:11:42Z">
          <params>
            <param index="0">
              <value>
                <![CDATA[ios]]>
              </value>
            </param>
            <param index="1">
              <value>
                <![CDATA[iPhone]]>
              </value>
            </param>
            <param index="2">
              <value>
                <![CDATA[Simulator]]>
              </value>
            </param>
            <param index="3">
              <value>
                <![CDATA[iPhone 8 Plus]]>
              </value>
            </param>
            <param index="4">
              <value>
                <![CDATA[11.0]]>
              </value>
            </param>
            <param index="5">
              <value>
                <![CDATA[]]>
              </value>
            </param>
            <param index="6">
              <value>
                <![CDATA[]]>
              </value>
            </param>
          </params>
          <reporter-output>
          </reporter-output>
        </test-method> <!-- setUp -->
        <test-method status="PASS" signature="startExtent(java.lang.reflect.Method)[pri:0, instance:testcases.TestHomePageItems@55f3ddb1]" name="startExtent" is-config="true" duration-ms="0" started-at="2019-01-25T21:11:42Z" finished-at="2019-01-25T21:11:42Z">
          <params>
            <param index="0">
              <value>
                <![CDATA[public void testcases.TestHomePageItems.textViewIconCheckTest() throws java.lang.InterruptedException]]>
              </value>
            </param>
          </params>
          <reporter-output>
          </reporter-output>
        </test-method> <!-- startExtent -->
        <test-method status="PASS" signature="initializationOfElements()[pri:0, instance:testcases.TestHomePageItems@55f3ddb1]" name="initializationOfElements" is-config="true" duration-ms="1" started-at="2019-01-25T21:11:42Z" finished-at="2019-01-25T21:11:42Z">
          <reporter-output>
          </reporter-output>
        </test-method> <!-- initializationOfElements -->
        <test-method status="PASS" signature="textViewIconCheckTest()[pri:0, instance:testcases.TestHomePageItems@55f3ddb1]" name="textViewIconCheckTest" duration-ms="2611" started-at="2019-01-25T21:11:42Z" finished-at="2019-01-25T21:11:44Z">
          <reporter-output>
          </reporter-output>
        </test-method> <!-- textViewIconCheckTest -->
        <test-method status="PASS" signature="afterEachTestMethod(org.testng.ITestResult)[pri:0, instance:testcases.TestHomePageItems@55f3ddb1]" name="afterEachTestMethod" is-config="true" duration-ms="1355" started-at="2019-01-25T21:11:44Z" finished-at="2019-01-25T21:11:46Z">
          <params>
            <param index="0">
              <value>
                <![CDATA[[TestResult name=textViewIconCheckTest status=SUCCESS method=TestHomePageItems.textViewIconCheckTest()[pri:0, instance:testcases.TestHomePageItems@55f3ddb1] output={null}]]]>
              </value>
            </param>
          </params>
          <reporter-output>
          </reporter-output>
        </test-method> <!-- afterEachTestMethod -->
        <test-method status="PASS" signature="generateReport()[pri:0, instance:testcases.TestHomePageItems@55f3ddb1]" name="generateReport" is-config="true" duration-ms="19" started-at="2019-01-25T21:15:19Z" finished-at="2019-01-25T21:15:19Z">
          <reporter-output>
          </reporter-output>
        </test-method> <!-- generateReport -->
      </class> <!-- testcases.TestHomePageItems -->
      <class name="testcases.TestSegments">
        <test-method status="PASS" signature="setUp(java.lang.String, java.lang.String, java.lang.String, java.lang.String, java.lang.String, java.lang.String, java.lang.String)[pri:0, instance:testcases.TestSegments@8bd1b6a]" name="setUp" is-config="true" duration-ms="8064" started-at="2019-01-25T21:11:46Z" finished-at="2019-01-25T21:11:54Z">
          <params>
            <param index="0">
              <value>
                <![CDATA[ios]]>
              </value>
            </param>
            <param index="1">
              <value>
                <![CDATA[iPhone]]>
              </value>
            </param>
            <param index="2">
              <value>
                <![CDATA[Simulator]]>
              </value>
            </param>
            <param index="3">
              <value>
                <![CDATA[iPhone 8 Plus]]>
              </value>
            </param>
            <param index="4">
              <value>
                <![CDATA[11.0]]>
              </value>
            </param>
            <param index="5">
              <value>
                <![CDATA[]]>
              </value>
            </param>
            <param index="6">
              <value>
                <![CDATA[]]>
              </value>
            </param>
          </params>
          <reporter-output>
          </reporter-output>
        </test-method> <!-- setUp -->
        <test-method status="PASS" signature="startExtent(java.lang.reflect.Method)[pri:0, instance:testcases.TestSegments@8bd1b6a]" name="startExtent" is-config="true" duration-ms="0" started-at="2019-01-25T21:11:54Z" finished-at="2019-01-25T21:11:54Z">
          <params>
            <param index="0">
              <value>
                <![CDATA[public void testcases.TestSegments.firstSegmentLeftTest()]]>
              </value>
            </param>
          </params>
          <reporter-output>
          </reporter-output>
        </test-method> <!-- startExtent -->
        <test-method status="PASS" signature="initializing()[pri:0, instance:testcases.TestSegments@8bd1b6a]" name="initializing" is-config="true" duration-ms="2397" started-at="2019-01-25T21:11:54Z" finished-at="2019-01-25T21:11:56Z">
          <reporter-output>
          </reporter-output>
        </test-method> <!-- initializing -->
        <test-method status="PASS" signature="firstSegmentLeftTest()[pri:0, instance:testcases.TestSegments@8bd1b6a]" name="firstSegmentLeftTest" duration-ms="2826" started-at="2019-01-25T21:11:56Z" finished-at="2019-01-25T21:11:59Z">
          <reporter-output>
          </reporter-output>
        </test-method> <!-- firstSegmentLeftTest -->
        <test-method status="PASS" signature="afterEachTestMethod(org.testng.ITestResult)[pri:0, instance:testcases.TestSegments@8bd1b6a]" name="afterEachTestMethod" is-config="true" duration-ms="1380" started-at="2019-01-25T21:11:59Z" finished-at="2019-01-25T21:12:00Z">
          <params>
            <param index="0">
              <value>
                <![CDATA[[TestResult name=firstSegmentLeftTest status=SUCCESS method=TestSegments.firstSegmentLeftTest()[pri:0, instance:testcases.TestSegments@8bd1b6a] output={null}]]]>
              </value>
            </param>
          </params>
          <reporter-output>
          </reporter-output>
        </test-method> <!-- afterEachTestMethod -->
        <test-method status="PASS" signature="setUp(java.lang.String, java.lang.String, java.lang.String, java.lang.String, java.lang.String, java.lang.String, java.lang.String)[pri:0, instance:testcases.TestSegments@8bd1b6a]" name="setUp" is-config="true" duration-ms="7763" started-at="2019-01-25T21:12:00Z" finished-at="2019-01-25T21:12:08Z">
          <params>
            <param index="0">
              <value>
                <![CDATA[ios]]>
              </value>
            </param>
            <param index="1">
              <value>
                <![CDATA[iPhone]]>
              </value>
            </param>
            <param index="2">
              <value>
                <![CDATA[Simulator]]>
              </value>
            </param>
            <param index="3">
              <value>
                <![CDATA[iPhone 8 Plus]]>
              </value>
            </param>
            <param index="4">
              <value>
                <![CDATA[11.0]]>
              </value>
            </param>
            <param index="5">
              <value>
                <![CDATA[]]>
              </value>
            </param>
            <param index="6">
              <value>
                <![CDATA[]]>
              </value>
            </param>
          </params>
          <reporter-output>
          </reporter-output>
        </test-method> <!-- setUp -->
        <test-method status="PASS" signature="initializing()[pri:0, instance:testcases.TestSegments@8bd1b6a]" name="initializing" is-config="true" duration-ms="2145" started-at="2019-01-25T21:12:08Z" finished-at="2019-01-25T21:12:10Z">
          <reporter-output>
          </reporter-output>
        </test-method> <!-- initializing -->
        <test-method status="PASS" signature="startExtent(java.lang.reflect.Method)[pri:0, instance:testcases.TestSegments@8bd1b6a]" name="startExtent" is-config="true" duration-ms="0" started-at="2019-01-25T21:12:08Z" finished-at="2019-01-25T21:12:08Z">
          <params>
            <param index="0">
              <value>
                <![CDATA[public void testcases.TestSegments.firstSegmentMidTest()]]>
              </value>
            </param>
          </params>
          <reporter-output>
          </reporter-output>
        </test-method> <!-- startExtent -->
        <test-method status="PASS" signature="firstSegmentMidTest()[pri:0, instance:testcases.TestSegments@8bd1b6a]" name="firstSegmentMidTest" duration-ms="2562" started-at="2019-01-25T21:12:10Z" finished-at="2019-01-25T21:12:13Z">
          <reporter-output>
          </reporter-output>
        </test-method> <!-- firstSegmentMidTest -->
        <test-method status="PASS" signature="afterEachTestMethod(org.testng.ITestResult)[pri:0, instance:testcases.TestSegments@8bd1b6a]" name="afterEachTestMethod" is-config="true" duration-ms="1295" started-at="2019-01-25T21:12:13Z" finished-at="2019-01-25T21:12:14Z">
          <params>
            <param index="0">
              <value>
                <![CDATA[[TestResult name=firstSegmentMidTest status=SUCCESS method=TestSegments.firstSegmentMidTest()[pri:0, instance:testcases.TestSegments@8bd1b6a] output={null}]]]>
              </value>
            </param>
          </params>
          <reporter-output>
          </reporter-output>
        </test-method> <!-- afterEachTestMethod -->
        <test-method status="PASS" signature="setUp(java.lang.String, java.lang.String, java.lang.String, java.lang.String, java.lang.String, java.lang.String, java.lang.String)[pri:0, instance:testcases.TestSegments@8bd1b6a]" name="setUp" is-config="true" duration-ms="7494" started-at="2019-01-25T21:12:14Z" finished-at="2019-01-25T21:12:21Z">
          <params>
            <param index="0">
              <value>
                <![CDATA[ios]]>
              </value>
            </param>
            <param index="1">
              <value>
                <![CDATA[iPhone]]>
              </value>
            </param>
            <param index="2">
              <value>
                <![CDATA[Simulator]]>
              </value>
            </param>
            <param index="3">
              <value>
                <![CDATA[iPhone 8 Plus]]>
              </value>
            </param>
            <param index="4">
              <value>
                <![CDATA[11.0]]>
              </value>
            </param>
            <param index="5">
              <value>
                <![CDATA[]]>
              </value>
            </param>
            <param index="6">
              <value>
                <![CDATA[]]>
              </value>
            </param>
          </params>
          <reporter-output>
          </reporter-output>
        </test-method> <!-- setUp -->
        <test-method status="PASS" signature="initializing()[pri:0, instance:testcases.TestSegments@8bd1b6a]" name="initializing" is-config="true" duration-ms="2075" started-at="2019-01-25T21:12:21Z" finished-at="2019-01-25T21:12:24Z">
          <reporter-output>
          </reporter-output>
        </test-method> <!-- initializing -->
        <test-method status="PASS" signature="startExtent(java.lang.reflect.Method)[pri:0, instance:testcases.TestSegments@8bd1b6a]" name="startExtent" is-config="true" duration-ms="0" started-at="2019-01-25T21:12:21Z" finished-at="2019-01-25T21:12:21Z">
          <params>
            <param index="0">
              <value>
                <![CDATA[public void testcases.TestSegments.firstSegmentRightTest()]]>
              </value>
            </param>
          </params>
          <reporter-output>
          </reporter-output>
        </test-method> <!-- startExtent -->
        <test-method status="PASS" signature="firstSegmentRightTest()[pri:0, instance:testcases.TestSegments@8bd1b6a]" name="firstSegmentRightTest" duration-ms="2763" started-at="2019-01-25T21:12:24Z" finished-at="2019-01-25T21:12:26Z">
          <reporter-output>
          </reporter-output>
        </test-method> <!-- firstSegmentRightTest -->
        <test-method status="PASS" signature="afterEachTestMethod(org.testng.ITestResult)[pri:0, instance:testcases.TestSegments@8bd1b6a]" name="afterEachTestMethod" is-config="true" duration-ms="1368" started-at="2019-01-25T21:12:26Z" finished-at="2019-01-25T21:12:28Z">
          <params>
            <param index="0">
              <value>
                <![CDATA[[TestResult name=firstSegmentRightTest status=SUCCESS method=TestSegments.firstSegmentRightTest()[pri:0, instance:testcases.TestSegments@8bd1b6a] output={null}]]]>
              </value>
            </param>
          </params>
          <reporter-output>
          </reporter-output>
        </test-method> <!-- afterEachTestMethod -->
        <test-method status="PASS" signature="setUp(java.lang.String, java.lang.String, java.lang.String, java.lang.String, java.lang.String, java.lang.String, java.lang.String)[pri:0, instance:testcases.TestSegments@8bd1b6a]" name="setUp" is-config="true" duration-ms="7626" started-at="2019-01-25T21:12:28Z" finished-at="2019-01-25T21:12:35Z">
          <params>
            <param index="0">
              <value>
                <![CDATA[ios]]>
              </value>
            </param>
            <param index="1">
              <value>
                <![CDATA[iPhone]]>
              </value>
            </param>
            <param index="2">
              <value>
                <![CDATA[Simulator]]>
              </value>
            </param>
            <param index="3">
              <value>
                <![CDATA[iPhone 8 Plus]]>
              </value>
            </param>
            <param index="4">
              <value>
                <![CDATA[11.0]]>
              </value>
            </param>
            <param index="5">
              <value>
                <![CDATA[]]>
              </value>
            </param>
            <param index="6">
              <value>
                <![CDATA[]]>
              </value>
            </param>
          </params>
          <reporter-output>
          </reporter-output>
        </test-method> <!-- setUp -->
        <test-method status="PASS" signature="initializing()[pri:0, instance:testcases.TestSegments@8bd1b6a]" name="initializing" is-config="true" duration-ms="2111" started-at="2019-01-25T21:12:35Z" finished-at="2019-01-25T21:12:37Z">
          <reporter-output>
          </reporter-output>
        </test-method> <!-- initializing -->
        <test-method status="PASS" signature="startExtent(java.lang.reflect.Method)[pri:0, instance:testcases.TestSegments@8bd1b6a]" name="startExtent" is-config="true" duration-ms="0" started-at="2019-01-25T21:12:35Z" finished-at="2019-01-25T21:12:35Z">
          <params>
            <param index="0">
              <value>
                <![CDATA[public void testcases.TestSegments.secondSegmentLeftTest()]]>
              </value>
            </param>
          </params>
          <reporter-output>
          </reporter-output>
        </test-method> <!-- startExtent -->
        <test-method status="PASS" signature="secondSegmentLeftTest()[pri:0, instance:testcases.TestSegments@8bd1b6a]" name="secondSegmentLeftTest" duration-ms="2565" started-at="2019-01-25T21:12:37Z" finished-at="2019-01-25T21:12:40Z">
          <reporter-output>
          </reporter-output>
        </test-method> <!-- secondSegmentLeftTest -->
        <test-method status="PASS" signature="afterEachTestMethod(org.testng.ITestResult)[pri:0, instance:testcases.TestSegments@8bd1b6a]" name="afterEachTestMethod" is-config="true" duration-ms="1382" started-at="2019-01-25T21:12:40Z" finished-at="2019-01-25T21:12:41Z">
          <params>
            <param index="0">
              <value>
                <![CDATA[[TestResult name=secondSegmentLeftTest status=SUCCESS method=TestSegments.secondSegmentLeftTest()[pri:0, instance:testcases.TestSegments@8bd1b6a] output={null}]]]>
              </value>
            </param>
          </params>
          <reporter-output>
          </reporter-output>
        </test-method> <!-- afterEachTestMethod -->
        <test-method status="PASS" signature="setUp(java.lang.String, java.lang.String, java.lang.String, java.lang.String, java.lang.String, java.lang.String, java.lang.String)[pri:0, instance:testcases.TestSegments@8bd1b6a]" name="setUp" is-config="true" duration-ms="7504" started-at="2019-01-25T21:12:41Z" finished-at="2019-01-25T21:12:49Z">
          <params>
            <param index="0">
              <value>
                <![CDATA[ios]]>
              </value>
            </param>
            <param index="1">
              <value>
                <![CDATA[iPhone]]>
              </value>
            </param>
            <param index="2">
              <value>
                <![CDATA[Simulator]]>
              </value>
            </param>
            <param index="3">
              <value>
                <![CDATA[iPhone 8 Plus]]>
              </value>
            </param>
            <param index="4">
              <value>
                <![CDATA[11.0]]>
              </value>
            </param>
            <param index="5">
              <value>
                <![CDATA[]]>
              </value>
            </param>
            <param index="6">
              <value>
                <![CDATA[]]>
              </value>
            </param>
          </params>
          <reporter-output>
          </reporter-output>
        </test-method> <!-- setUp -->
        <test-method status="PASS" signature="initializing()[pri:0, instance:testcases.TestSegments@8bd1b6a]" name="initializing" is-config="true" duration-ms="2242" started-at="2019-01-25T21:12:49Z" finished-at="2019-01-25T21:12:51Z">
          <reporter-output>
          </reporter-output>
        </test-method> <!-- initializing -->
        <test-method status="PASS" signature="startExtent(java.lang.reflect.Method)[pri:0, instance:testcases.TestSegments@8bd1b6a]" name="startExtent" is-config="true" duration-ms="0" started-at="2019-01-25T21:12:49Z" finished-at="2019-01-25T21:12:49Z">
          <params>
            <param index="0">
              <value>
                <![CDATA[public void testcases.TestSegments.secondSegmentMidTest()]]>
              </value>
            </param>
          </params>
          <reporter-output>
          </reporter-output>
        </test-method> <!-- startExtent -->
        <test-method status="PASS" signature="secondSegmentMidTest()[pri:0, instance:testcases.TestSegments@8bd1b6a]" name="secondSegmentMidTest" duration-ms="3074" started-at="2019-01-25T21:12:51Z" finished-at="2019-01-25T21:12:54Z">
          <reporter-output>
          </reporter-output>
        </test-method> <!-- secondSegmentMidTest -->
        <test-method status="PASS" signature="afterEachTestMethod(org.testng.ITestResult)[pri:0, instance:testcases.TestSegments@8bd1b6a]" name="afterEachTestMethod" is-config="true" duration-ms="1343" started-at="2019-01-25T21:12:54Z" finished-at="2019-01-25T21:12:55Z">
          <params>
            <param index="0">
              <value>
                <![CDATA[[TestResult name=secondSegmentMidTest status=SUCCESS method=TestSegments.secondSegmentMidTest()[pri:0, instance:testcases.TestSegments@8bd1b6a] output={null}]]]>
              </value>
            </param>
          </params>
          <reporter-output>
          </reporter-output>
        </test-method> <!-- afterEachTestMethod -->
        <test-method status="PASS" signature="setUp(java.lang.String, java.lang.String, java.lang.String, java.lang.String, java.lang.String, java.lang.String, java.lang.String)[pri:0, instance:testcases.TestSegments@8bd1b6a]" name="setUp" is-config="true" duration-ms="7628" started-at="2019-01-25T21:12:55Z" finished-at="2019-01-25T21:13:03Z">
          <params>
            <param index="0">
              <value>
                <![CDATA[ios]]>
              </value>
            </param>
            <param index="1">
              <value>
                <![CDATA[iPhone]]>
              </value>
            </param>
            <param index="2">
              <value>
                <![CDATA[Simulator]]>
              </value>
            </param>
            <param index="3">
              <value>
                <![CDATA[iPhone 8 Plus]]>
              </value>
            </param>
            <param index="4">
              <value>
                <![CDATA[11.0]]>
              </value>
            </param>
            <param index="5">
              <value>
                <![CDATA[]]>
              </value>
            </param>
            <param index="6">
              <value>
                <![CDATA[]]>
              </value>
            </param>
          </params>
          <reporter-output>
          </reporter-output>
        </test-method> <!-- setUp -->
        <test-method status="PASS" signature="startExtent(java.lang.reflect.Method)[pri:0, instance:testcases.TestSegments@8bd1b6a]" name="startExtent" is-config="true" duration-ms="0" started-at="2019-01-25T21:13:03Z" finished-at="2019-01-25T21:13:03Z">
          <params>
            <param index="0">
              <value>
                <![CDATA[public void testcases.TestSegments.secondSegmentRightTest()]]>
              </value>
            </param>
          </params>
          <reporter-output>
          </reporter-output>
        </test-method> <!-- startExtent -->
        <test-method status="PASS" signature="initializing()[pri:0, instance:testcases.TestSegments@8bd1b6a]" name="initializing" is-config="true" duration-ms="2592" started-at="2019-01-25T21:13:03Z" finished-at="2019-01-25T21:13:06Z">
          <reporter-output>
          </reporter-output>
        </test-method> <!-- initializing -->
        <test-method status="PASS" signature="secondSegmentRightTest()[pri:0, instance:testcases.TestSegments@8bd1b6a]" name="secondSegmentRightTest" duration-ms="2600" started-at="2019-01-25T21:13:06Z" finished-at="2019-01-25T21:13:08Z">
          <reporter-output>
          </reporter-output>
        </test-method> <!-- secondSegmentRightTest -->
        <test-method status="PASS" signature="afterEachTestMethod(org.testng.ITestResult)[pri:0, instance:testcases.TestSegments@8bd1b6a]" name="afterEachTestMethod" is-config="true" duration-ms="1334" started-at="2019-01-25T21:13:08Z" finished-at="2019-01-25T21:13:10Z">
          <params>
            <param index="0">
              <value>
                <![CDATA[[TestResult name=secondSegmentRightTest status=SUCCESS method=TestSegments.secondSegmentRightTest()[pri:0, instance:testcases.TestSegments@8bd1b6a] output={null}]]]>
              </value>
            </param>
          </params>
          <reporter-output>
          </reporter-output>
        </test-method> <!-- afterEachTestMethod -->
        <test-method status="PASS" signature="setUp(java.lang.String, java.lang.String, java.lang.String, java.lang.String, java.lang.String, java.lang.String, java.lang.String)[pri:0, instance:testcases.TestSegments@8bd1b6a]" name="setUp" is-config="true" duration-ms="7370" started-at="2019-01-25T21:13:10Z" finished-at="2019-01-25T21:13:17Z">
          <params>
            <param index="0">
              <value>
                <![CDATA[ios]]>
              </value>
            </param>
            <param index="1">
              <value>
                <![CDATA[iPhone]]>
              </value>
            </param>
            <param index="2">
              <value>
                <![CDATA[Simulator]]>
              </value>
            </param>
            <param index="3">
              <value>
                <![CDATA[iPhone 8 Plus]]>
              </value>
            </param>
            <param index="4">
              <value>
                <![CDATA[11.0]]>
              </value>
            </param>
            <param index="5">
              <value>
                <![CDATA[]]>
              </value>
            </param>
            <param index="6">
              <value>
                <![CDATA[]]>
              </value>
            </param>
          </params>
          <reporter-output>
          </reporter-output>
        </test-method> <!-- setUp -->
        <test-method status="PASS" signature="startExtent(java.lang.reflect.Method)[pri:0, instance:testcases.TestSegments@8bd1b6a]" name="startExtent" is-config="true" duration-ms="1" started-at="2019-01-25T21:13:17Z" finished-at="2019-01-25T21:13:17Z">
          <params>
            <param index="0">
              <value>
                <![CDATA[public void testcases.TestSegments.segmentTabValidation()]]>
              </value>
            </param>
          </params>
          <reporter-output>
          </reporter-output>
        </test-method> <!-- startExtent -->
        <test-method status="PASS" signature="initializing()[pri:0, instance:testcases.TestSegments@8bd1b6a]" name="initializing" is-config="true" duration-ms="2299" started-at="2019-01-25T21:13:17Z" finished-at="2019-01-25T21:13:19Z">
          <reporter-output>
          </reporter-output>
        </test-method> <!-- initializing -->
        <test-method status="PASS" signature="segmentTabValidation()[pri:0, instance:testcases.TestSegments@8bd1b6a]" name="segmentTabValidation" duration-ms="2477" started-at="2019-01-25T21:13:19Z" finished-at="2019-01-25T21:13:22Z">
          <reporter-output>
          </reporter-output>
        </test-method> <!-- segmentTabValidation -->
        <test-method status="PASS" signature="afterEachTestMethod(org.testng.ITestResult)[pri:0, instance:testcases.TestSegments@8bd1b6a]" name="afterEachTestMethod" is-config="true" duration-ms="1345" started-at="2019-01-25T21:13:22Z" finished-at="2019-01-25T21:13:23Z">
          <params>
            <param index="0">
              <value>
                <![CDATA[[TestResult name=segmentTabValidation status=SUCCESS method=TestSegments.segmentTabValidation()[pri:0, instance:testcases.TestSegments@8bd1b6a] output={null}]]]>
              </value>
            </param>
          </params>
          <reporter-output>
          </reporter-output>
        </test-method> <!-- afterEachTestMethod -->
      </class> <!-- testcases.TestSegments -->
      <class name="testcases.TextFieldsTest">
        <test-method status="PASS" signature="setUp(java.lang.String, java.lang.String, java.lang.String, java.lang.String, java.lang.String, java.lang.String, java.lang.String)[pri:0, instance:testcases.TextFieldsTest@18be83e4]" name="setUp" is-config="true" duration-ms="7330" started-at="2019-01-25T21:13:23Z" finished-at="2019-01-25T21:13:30Z">
          <params>
            <param index="0">
              <value>
                <![CDATA[ios]]>
              </value>
            </param>
            <param index="1">
              <value>
                <![CDATA[iPhone]]>
              </value>
            </param>
            <param index="2">
              <value>
                <![CDATA[Simulator]]>
              </value>
            </param>
            <param index="3">
              <value>
                <![CDATA[iPhone 8 Plus]]>
              </value>
            </param>
            <param index="4">
              <value>
                <![CDATA[11.0]]>
              </value>
            </param>
            <param index="5">
              <value>
                <![CDATA[]]>
              </value>
            </param>
            <param index="6">
              <value>
                <![CDATA[]]>
              </value>
            </param>
          </params>
          <reporter-output>
          </reporter-output>
        </test-method> <!-- setUp -->
        <test-method status="PASS" signature="startExtent(java.lang.reflect.Method)[pri:0, instance:testcases.TextFieldsTest@18be83e4]" name="startExtent" is-config="true" duration-ms="0" started-at="2019-01-25T21:13:30Z" finished-at="2019-01-25T21:13:30Z">
          <params>
            <param index="0">
              <value>
                <![CDATA[public void testcases.TextFieldsTest.firstTextFieldsTest()]]>
              </value>
            </param>
          </params>
          <reporter-output>
          </reporter-output>
        </test-method> <!-- startExtent -->
        <test-method status="PASS" signature="initializing()[pri:0, instance:testcases.TextFieldsTest@18be83e4]" name="initializing" is-config="true" duration-ms="2129" started-at="2019-01-25T21:13:30Z" finished-at="2019-01-25T21:13:33Z">
          <reporter-output>
          </reporter-output>
        </test-method> <!-- initializing -->
        <test-method status="PASS" signature="firstTextFieldsTest()[pri:0, instance:testcases.TextFieldsTest@18be83e4]" name="firstTextFieldsTest" duration-ms="15333" started-at="2019-01-25T21:13:33Z" finished-at="2019-01-25T21:13:48Z">
          <reporter-output>
          </reporter-output>
        </test-method> <!-- firstTextFieldsTest -->
        <test-method status="PASS" signature="afterEachTestMethod(org.testng.ITestResult)[pri:0, instance:testcases.TextFieldsTest@18be83e4]" name="afterEachTestMethod" is-config="true" duration-ms="1455" started-at="2019-01-25T21:13:48Z" finished-at="2019-01-25T21:13:49Z">
          <params>
            <param index="0">
              <value>
                <![CDATA[[TestResult name=firstTextFieldsTest status=SUCCESS method=TextFieldsTest.firstTextFieldsTest()[pri:0, instance:testcases.TextFieldsTest@18be83e4] output={null}]]]>
              </value>
            </param>
          </params>
          <reporter-output>
          </reporter-output>
        </test-method> <!-- afterEachTestMethod -->
        <test-method status="PASS" signature="setUp(java.lang.String, java.lang.String, java.lang.String, java.lang.String, java.lang.String, java.lang.String, java.lang.String)[pri:0, instance:testcases.TextFieldsTest@18be83e4]" name="setUp" is-config="true" duration-ms="7653" started-at="2019-01-25T21:13:49Z" finished-at="2019-01-25T21:13:57Z">
          <params>
            <param index="0">
              <value>
                <![CDATA[ios]]>
              </value>
            </param>
            <param index="1">
              <value>
                <![CDATA[iPhone]]>
              </value>
            </param>
            <param index="2">
              <value>
                <![CDATA[Simulator]]>
              </value>
            </param>
            <param index="3">
              <value>
                <![CDATA[iPhone 8 Plus]]>
              </value>
            </param>
            <param index="4">
              <value>
                <![CDATA[11.0]]>
              </value>
            </param>
            <param index="5">
              <value>
                <![CDATA[]]>
              </value>
            </param>
            <param index="6">
              <value>
                <![CDATA[]]>
              </value>
            </param>
          </params>
          <reporter-output>
          </reporter-output>
        </test-method> <!-- setUp -->
        <test-method status="PASS" signature="startExtent(java.lang.reflect.Method)[pri:0, instance:testcases.TextFieldsTest@18be83e4]" name="startExtent" is-config="true" duration-ms="0" started-at="2019-01-25T21:13:57Z" finished-at="2019-01-25T21:13:57Z">
          <params>
            <param index="0">
              <value>
                <![CDATA[public void testcases.TextFieldsTest.fourthTextFieldsTest()]]>
              </value>
            </param>
          </params>
          <reporter-output>
          </reporter-output>
        </test-method> <!-- startExtent -->
        <test-method status="PASS" signature="initializing()[pri:0, instance:testcases.TextFieldsTest@18be83e4]" name="initializing" is-config="true" duration-ms="2143" started-at="2019-01-25T21:13:57Z" finished-at="2019-01-25T21:13:59Z">
          <reporter-output>
          </reporter-output>
        </test-method> <!-- initializing -->
        <test-method status="PASS" signature="fourthTextFieldsTest()[pri:0, instance:testcases.TextFieldsTest@18be83e4]" name="fourthTextFieldsTest" duration-ms="11063" started-at="2019-01-25T21:13:59Z" finished-at="2019-01-25T21:14:10Z">
          <reporter-output>
          </reporter-output>
        </test-method> <!-- fourthTextFieldsTest -->
        <test-method status="PASS" signature="afterEachTestMethod(org.testng.ITestResult)[pri:0, instance:testcases.TextFieldsTest@18be83e4]" name="afterEachTestMethod" is-config="true" duration-ms="1445" started-at="2019-01-25T21:14:10Z" finished-at="2019-01-25T21:14:12Z">
          <params>
            <param index="0">
              <value>
                <![CDATA[[TestResult name=fourthTextFieldsTest status=SUCCESS method=TextFieldsTest.fourthTextFieldsTest()[pri:0, instance:testcases.TextFieldsTest@18be83e4] output={null}]]]>
              </value>
            </param>
          </params>
          <reporter-output>
          </reporter-output>
        </test-method> <!-- afterEachTestMethod -->
        <test-method status="PASS" signature="setUp(java.lang.String, java.lang.String, java.lang.String, java.lang.String, java.lang.String, java.lang.String, java.lang.String)[pri:0, instance:testcases.TextFieldsTest@18be83e4]" name="setUp" is-config="true" duration-ms="7954" started-at="2019-01-25T21:14:12Z" finished-at="2019-01-25T21:14:20Z">
          <params>
            <param index="0">
              <value>
                <![CDATA[ios]]>
              </value>
            </param>
            <param index="1">
              <value>
                <![CDATA[iPhone]]>
              </value>
            </param>
            <param index="2">
              <value>
                <![CDATA[Simulator]]>
              </value>
            </param>
            <param index="3">
              <value>
                <![CDATA[iPhone 8 Plus]]>
              </value>
            </param>
            <param index="4">
              <value>
                <![CDATA[11.0]]>
              </value>
            </param>
            <param index="5">
              <value>
                <![CDATA[]]>
              </value>
            </param>
            <param index="6">
              <value>
                <![CDATA[]]>
              </value>
            </param>
          </params>
          <reporter-output>
          </reporter-output>
        </test-method> <!-- setUp -->
        <test-method status="PASS" signature="startExtent(java.lang.reflect.Method)[pri:0, instance:testcases.TextFieldsTest@18be83e4]" name="startExtent" is-config="true" duration-ms="0" started-at="2019-01-25T21:14:20Z" finished-at="2019-01-25T21:14:20Z">
          <params>
            <param index="0">
              <value>
                <![CDATA[public void testcases.TextFieldsTest.secondTextFieldsTest()]]>
              </value>
            </param>
          </params>
          <reporter-output>
          </reporter-output>
        </test-method> <!-- startExtent -->
        <test-method status="PASS" signature="initializing()[pri:0, instance:testcases.TextFieldsTest@18be83e4]" name="initializing" is-config="true" duration-ms="3987" started-at="2019-01-25T21:14:20Z" finished-at="2019-01-25T21:14:24Z">
          <reporter-output>
          </reporter-output>
        </test-method> <!-- initializing -->
        <test-method status="PASS" signature="secondTextFieldsTest()[pri:0, instance:testcases.TextFieldsTest@18be83e4]" name="secondTextFieldsTest" duration-ms="11800" started-at="2019-01-25T21:14:24Z" finished-at="2019-01-25T21:14:35Z">
          <reporter-output>
          </reporter-output>
        </test-method> <!-- secondTextFieldsTest -->
        <test-method status="PASS" signature="afterEachTestMethod(org.testng.ITestResult)[pri:0, instance:testcases.TextFieldsTest@18be83e4]" name="afterEachTestMethod" is-config="true" duration-ms="1651" started-at="2019-01-25T21:14:35Z" finished-at="2019-01-25T21:14:37Z">
          <params>
            <param index="0">
              <value>
                <![CDATA[[TestResult name=secondTextFieldsTest status=SUCCESS method=TextFieldsTest.secondTextFieldsTest()[pri:0, instance:testcases.TextFieldsTest@18be83e4] output={null}]]]>
              </value>
            </param>
          </params>
          <reporter-output>
          </reporter-output>
        </test-method> <!-- afterEachTestMethod -->
        <test-method status="PASS" signature="setUp(java.lang.String, java.lang.String, java.lang.String, java.lang.String, java.lang.String, java.lang.String, java.lang.String)[pri:0, instance:testcases.TextFieldsTest@18be83e4]" name="setUp" is-config="true" duration-ms="9406" started-at="2019-01-25T21:14:37Z" finished-at="2019-01-25T21:14:46Z">
          <params>
            <param index="0">
              <value>
                <![CDATA[ios]]>
              </value>
            </param>
            <param index="1">
              <value>
                <![CDATA[iPhone]]>
              </value>
            </param>
            <param index="2">
              <value>
                <![CDATA[Simulator]]>
              </value>
            </param>
            <param index="3">
              <value>
                <![CDATA[iPhone 8 Plus]]>
              </value>
            </param>
            <param index="4">
              <value>
                <![CDATA[11.0]]>
              </value>
            </param>
            <param index="5">
              <value>
                <![CDATA[]]>
              </value>
            </param>
            <param index="6">
              <value>
                <![CDATA[]]>
              </value>
            </param>
          </params>
          <reporter-output>
          </reporter-output>
        </test-method> <!-- setUp -->
        <test-method status="PASS" signature="startExtent(java.lang.reflect.Method)[pri:0, instance:testcases.TextFieldsTest@18be83e4]" name="startExtent" is-config="true" duration-ms="0" started-at="2019-01-25T21:14:46Z" finished-at="2019-01-25T21:14:46Z">
          <params>
            <param index="0">
              <value>
                <![CDATA[public void testcases.TextFieldsTest.textFieldPageValidation()]]>
              </value>
            </param>
          </params>
          <reporter-output>
          </reporter-output>
        </test-method> <!-- startExtent -->
        <test-method status="PASS" signature="initializing()[pri:0, instance:testcases.TextFieldsTest@18be83e4]" name="initializing" is-config="true" duration-ms="2240" started-at="2019-01-25T21:14:46Z" finished-at="2019-01-25T21:14:49Z">
          <reporter-output>
          </reporter-output>
        </test-method> <!-- initializing -->
        <test-method status="PASS" signature="textFieldPageValidation()[pri:0, instance:testcases.TextFieldsTest@18be83e4]" name="textFieldPageValidation" duration-ms="6698" started-at="2019-01-25T21:14:49Z" finished-at="2019-01-25T21:14:55Z">
          <reporter-output>
          </reporter-output>
        </test-method> <!-- textFieldPageValidation -->
        <test-method status="PASS" signature="afterEachTestMethod(org.testng.ITestResult)[pri:0, instance:testcases.TextFieldsTest@18be83e4]" name="afterEachTestMethod" is-config="true" duration-ms="1363" started-at="2019-01-25T21:14:55Z" finished-at="2019-01-25T21:14:57Z">
          <params>
            <param index="0">
              <value>
                <![CDATA[[TestResult name=textFieldPageValidation status=SUCCESS method=TextFieldsTest.textFieldPageValidation()[pri:0, instance:testcases.TextFieldsTest@18be83e4] output={null}]]]>
              </value>
            </param>
          </params>
          <reporter-output>
          </reporter-output>
        </test-method> <!-- afterEachTestMethod -->
        <test-method status="PASS" signature="setUp(java.lang.String, java.lang.String, java.lang.String, java.lang.String, java.lang.String, java.lang.String, java.lang.String)[pri:0, instance:testcases.TextFieldsTest@18be83e4]" name="setUp" is-config="true" duration-ms="7894" started-at="2019-01-25T21:14:57Z" finished-at="2019-01-25T21:15:05Z">
          <params>
            <param index="0">
              <value>
                <![CDATA[ios]]>
              </value>
            </param>
            <param index="1">
              <value>
                <![CDATA[iPhone]]>
              </value>
            </param>
            <param index="2">
              <value>
                <![CDATA[Simulator]]>
              </value>
            </param>
            <param index="3">
              <value>
                <![CDATA[iPhone 8 Plus]]>
              </value>
            </param>
            <param index="4">
              <value>
                <![CDATA[11.0]]>
              </value>
            </param>
            <param index="5">
              <value>
                <![CDATA[]]>
              </value>
            </param>
            <param index="6">
              <value>
                <![CDATA[]]>
              </value>
            </param>
          </params>
          <reporter-output>
          </reporter-output>
        </test-method> <!-- setUp -->
        <test-method status="PASS" signature="startExtent(java.lang.reflect.Method)[pri:0, instance:testcases.TextFieldsTest@18be83e4]" name="startExtent" is-config="true" duration-ms="1" started-at="2019-01-25T21:15:05Z" finished-at="2019-01-25T21:15:05Z">
          <params>
            <param index="0">
              <value>
                <![CDATA[public void testcases.TextFieldsTest.thirdTextFieldsTest()]]>
              </value>
            </param>
          </params>
          <reporter-output>
          </reporter-output>
        </test-method> <!-- startExtent -->
        <test-method status="PASS" signature="initializing()[pri:0, instance:testcases.TextFieldsTest@18be83e4]" name="initializing" is-config="true" duration-ms="2342" started-at="2019-01-25T21:15:05Z" finished-at="2019-01-25T21:15:07Z">
          <reporter-output>
          </reporter-output>
        </test-method> <!-- initializing -->
        <test-method status="PASS" signature="thirdTextFieldsTest()[pri:0, instance:testcases.TextFieldsTest@18be83e4]" name="thirdTextFieldsTest" duration-ms="10166" started-at="2019-01-25T21:15:07Z" finished-at="2019-01-25T21:15:17Z">
          <reporter-output>
          </reporter-output>
        </test-method> <!-- thirdTextFieldsTest -->
        <test-method status="PASS" signature="afterEachTestMethod(org.testng.ITestResult)[pri:0, instance:testcases.TextFieldsTest@18be83e4]" name="afterEachTestMethod" is-config="true" duration-ms="1347" started-at="2019-01-25T21:15:17Z" finished-at="2019-01-25T21:15:19Z">
          <params>
            <param index="0">
              <value>
                <![CDATA[[TestResult name=thirdTextFieldsTest status=SUCCESS method=TextFieldsTest.thirdTextFieldsTest()[pri:0, instance:testcases.TextFieldsTest@18be83e4] output={null}]]]>
              </value>
            </param>
          </params>
          <reporter-output>
          </reporter-output>
        </test-method> <!-- afterEachTestMethod -->
      </class> <!-- testcases.TextFieldsTest -->
    </test> <!-- IOSTest -->
  </suite> <!-- iOS test suite on iPhone Simulator -->
</testng-results>
